<?xml version="1.0" encoding="UTF-8"?>
<!-- Generated by org.testng.reporters.JUnitXMLReporter -->
<testsuite ignored="8" hostname="Praseetha" failures="0" tests="27" name="ICTAK Web Automation" time="0.276" errors="0" timestamp="2023-08-08T18:36:19 IST">
  <testcase classname="org.ictak.base.BaseClass" name="@BeforeSuite init" time="6.149">
    <failure type="org.openqa.selenium.NoSuchWindowException" message="no such window: target window already closed
from unknown error: web view not found
  (Session info: chrome=115.0.5790.171)
Build info: version: &amp;apos;4.8.3&amp;apos;, revision: &amp;apos;e5e76298c3&amp;apos;
System info: os.name: &amp;apos;Windows 11&amp;apos;, os.arch: &amp;apos;amd64&amp;apos;, os.version: &amp;apos;10.0&amp;apos;, java.version: &amp;apos;17.0.6&amp;apos;
Driver info: org.openqa.selenium.chrome.ChromeDriver
Command: [016547a4ee53b99fd8259834b065a019, maximizeCurrentWindow {}]
Capabilities {acceptInsecureCerts: false, browserName: chrome, browserVersion: 115.0.5790.171, chrome: {chromedriverVersion: 114.0.5735.90 (386bc09e8f4f..., userDataDir: C:\Users\91994\AppData\Loca...}, goog:chromeOptions: {debuggerAddress: localhost:60474}, networkConnectionEnabled: false, pageLoadStrategy: normal, platformName: WINDOWS, proxy: Proxy(), se:cdp: ws://localhost:60474/devtoo..., se:cdpVersion: 115.0.5790.171, setWindowRect: true, strictFileInteractability: false, timeouts: {implicit: 0, pageLoad: 300000, script: 30000}, unhandledPromptBehavior: dismiss and notify, webauthn:extension:credBlob: true, webauthn:extension:largeBlob: true, webauthn:extension:minPinLength: true, webauthn:extension:prf: true, webauthn:virtualAuthenticators: true}
Session ID: 016547a4ee53b99fd8259834b065a019">
      <![CDATA[org.openqa.selenium.NoSuchWindowException: no such window: target window already closed
from unknown error: web view not found
  (Session info: chrome=115.0.5790.171)
Build info: version: '4.8.3', revision: 'e5e76298c3'
System info: os.name: 'Windows 11', os.arch: 'amd64', os.version: '10.0', java.version: '17.0.6'
Driver info: org.openqa.selenium.chrome.ChromeDriver
Command: [016547a4ee53b99fd8259834b065a019, maximizeCurrentWindow {}]
Capabilities {acceptInsecureCerts: false, browserName: chrome, browserVersion: 115.0.5790.171, chrome: {chromedriverVersion: 114.0.5735.90 (386bc09e8f4f..., userDataDir: C:\Users\91994\AppData\Loca...}, goog:chromeOptions: {debuggerAddress: localhost:60474}, networkConnectionEnabled: false, pageLoadStrategy: normal, platformName: WINDOWS, proxy: Proxy(), se:cdp: ws://localhost:60474/devtoo..., se:cdpVersion: 115.0.5790.171, setWindowRect: true, strictFileInteractability: false, timeouts: {implicit: 0, pageLoad: 300000, script: 30000}, unhandledPromptBehavior: dismiss and notify, webauthn:extension:credBlob: true, webauthn:extension:largeBlob: true, webauthn:extension:minPinLength: true, webauthn:extension:prf: true, webauthn:virtualAuthenticators: true}
Session ID: 016547a4ee53b99fd8259834b065a019
at org.openqa.selenium.remote.codec.w3c.W3CHttpResponseCodec.createException(W3CHttpResponseCodec.java:200)
at org.openqa.selenium.remote.codec.w3c.W3CHttpResponseCodec.decode(W3CHttpResponseCodec.java:133)
at org.openqa.selenium.remote.codec.w3c.W3CHttpResponseCodec.decode(W3CHttpResponseCodec.java:53)
at org.openqa.selenium.remote.HttpCommandExecutor.execute(HttpCommandExecutor.java:193)
at org.openqa.selenium.remote.service.DriverCommandExecutor.invokeExecute(DriverCommandExecutor.java:183)
at org.openqa.selenium.remote.service.DriverCommandExecutor.execute(DriverCommandExecutor.java:158)
at org.openqa.selenium.remote.RemoteWebDriver.execute(RemoteWebDriver.java:543)
at org.openqa.selenium.remote.RemoteWebDriver.execute(RemoteWebDriver.java:598)
at org.openqa.selenium.remote.RemoteWebDriver.execute(RemoteWebDriver.java:602)
at org.openqa.selenium.remote.RemoteWebDriver$RemoteWebDriverOptions$RemoteWindow.maximize(RemoteWebDriver.java:953)
at org.ictak.base.BaseClass.init(BaseClass.java:61)
... Removed 24 stack frames]]>
    </failure>
  </testcase> <!-- @BeforeSuite init -->
  <testcase classname="org.ictak.testcases.AdminTC" name="@AfterClass Logout" time="0.0">
    <skipped/>
  </testcase> <!-- @AfterClass Logout -->
  <testcase classname="org.ictak.testcases.LoginPageTC" name="verifyInvalidLogin" time="0.0">
    <skipped/>
  </testcase> <!-- verifyInvalidLogin -->
  <testcase classname="org.ictak.testcases.LoginPageTC" name="verifyValidLogin" time="0.0">
    <skipped/>
  </testcase> <!-- verifyValidLogin -->
  <testcase classname="org.ictak.testcases.DashboardTC" name="addItem" time="0.0">
    <skipped/>
  </testcase> <!-- addItem -->
  <testcase classname="org.ictak.testcases.DashboardTC" name="deleteItem" time="0.0">
    <skipped/>
  </testcase> <!-- deleteItem -->
  <testcase classname="org.ictak.testcases.EventsTC" name="Eventclick" time="0.0">
    <skipped/>
  </testcase> <!-- Eventclick -->
  <testcase classname="org.ictak.testcases.EventsTC" name="EventsRegister" time="0.0">
    <skipped/>
  </testcase> <!-- EventsRegister -->
  <testcase classname="org.ictak.testcases.ContactUsTC" name="iconclick" time="0.0">
    <skipped/>
  </testcase> <!-- iconclick -->
  <testcase classname="org.ictak.testcases.ContactUsTC" name="validcontactusform" time="0.0">
    <skipped/>
  </testcase> <!-- validcontactusform -->
  <testcase classname="org.ictak.testcases.ContactUsTC" name="invalidcontactusform" time="0.0">
    <skipped/>
  </testcase> <!-- invalidcontactusform -->
  <testcase classname="org.ictak.testcases.CoursesTC" name="Courseclick" time="0.0">
    <skipped/>
  </testcase> <!-- Courseclick -->
  <testcase classname="org.ictak.testcases.CoursesTC" name="CourseSearch" time="0.0">
    <skipped/>
  </testcase> <!-- CourseSearch -->
  <testcase classname="org.ictak.testcases.CoursesTC" name="CourseRegister" time="0.0">
    <skipped/>
  </testcase> <!-- CourseRegister -->
  <testcase classname="org.ictak.testcases.NewstaffTC" name="validstaffform" time="0.0">
    <skipped/>
  </testcase> <!-- validstaffform -->
  <testcase classname="org.ictak.testcases.NewstaffTC" name="emptyimagefield" time="0.0">
    <skipped/>
  </testcase> <!-- emptyimagefield -->
  <testcase classname="org.ictak.testcases.NewstaffTC" name="Search" time="0.0">
    <skipped/>
  </testcase> <!-- Search -->
  <testcase classname="org.ictak.testcases.AdminCoursesTC" name="VerifyvalidCoursesubmission" time="0.001">
    <skipped/>
  </testcase> <!-- VerifyvalidCoursesubmission -->
  <testcase classname="org.ictak.testcases.AdminCoursesTC" name="VerifyInvalidCourseSubmission" time="0.0">
    <skipped/>
  </testcase> <!-- VerifyInvalidCourseSubmission -->
  <testcase classname="org.ictak.testcases.AdminCoursesTC" name="VerifySerchfield" time="0.001">
    <skipped/>
  </testcase> <!-- VerifySerchfield -->
  <testcase classname="org.ictak.testcases.TestimonyTC" name="TestimonialSearch" time="0.0">
    <skipped/>
  </testcase> <!-- TestimonialSearch -->
  <testcase classname="org.ictak.testcases.TestimonyTC" name="EditUser" time="0.0">
    <skipped/>
  </testcase> <!-- EditUser -->
  <testcase classname="org.ictak.testcases.TestimonyTC" name="DeleteUser" time="0.0">
    <skipped/>
  </testcase> <!-- DeleteUser -->
  <testcase classname="org.ictak.testcases.TestimonyTC" name="AddTestimony" time="0.0">
    <skipped/>
  </testcase> <!-- AddTestimony -->
  <testcase classname="org.ictak.testcases.AdminTC" name="AddValidUser" time="0.0">
    <skipped/>
  </testcase> <!-- AddValidUser -->
  <testcase classname="org.ictak.testcases.AdminTC" name="AddInValidUser" time="0.0">
    <skipped/>
  </testcase> <!-- AddInValidUser -->
  <testcase classname="org.ictak.testcases.AdminTC" name="EditUser" time="0.0">
    <skipped/>
  </testcase> <!-- EditUser -->
  <testcase classname="org.ictak.testcases.AdminTC" name="DeleteUser" time="0.0">
    <skipped/>
  </testcase> <!-- DeleteUser -->
  <testcase classname="org.ictak.testcases.AdminTC" name="ViewNLogout" time="0.0">
    <skipped/>
  </testcase> <!-- ViewNLogout -->
  <testcase classname="org.ictak.base.BaseClass" name="@BeforeSuite init" time="0.0">
    <ignored/>
  </testcase> <!-- @BeforeSuite init -->
  <testcase classname="org.ictak.base.BaseClass" name="@BeforeSuite init" time="0.0">
    <ignored/>
  </testcase> <!-- @BeforeSuite init -->
  <testcase classname="org.ictak.base.BaseClass" name="@BeforeSuite init" time="0.0">
    <ignored/>
  </testcase> <!-- @BeforeSuite init -->
  <testcase classname="org.ictak.base.BaseClass" name="@BeforeSuite init" time="0.0">
    <ignored/>
  </testcase> <!-- @BeforeSuite init -->
  <testcase classname="org.ictak.base.BaseClass" name="@BeforeSuite init" time="0.0">
    <ignored/>
  </testcase> <!-- @BeforeSuite init -->
  <testcase classname="org.ictak.base.BaseClass" name="@BeforeSuite init" time="0.0">
    <ignored/>
  </testcase> <!-- @BeforeSuite init -->
  <testcase classname="org.ictak.base.BaseClass" name="@BeforeSuite init" time="0.0">
    <ignored/>
  </testcase> <!-- @BeforeSuite init -->
  <testcase classname="org.ictak.base.BaseClass" name="@BeforeSuite init" time="0.0">
    <ignored/>
  </testcase> <!-- @BeforeSuite init -->
</testsuite> <!-- ICTAK Web Automation -->
