<!DOCTYPE html PUBLIC "-//W3C//DTD XHTML 1.1//EN" "https://www.w3.org/TR/xhtml11/DTD/xhtml11.dtd">
<html xmlns="https://www.w3.org/1999/xhtml">
<head>
<meta http-equiv="content-type" content="text/html; charset=UTF-8"/>
<title>TestNG Report</title>
<style type="text/css">table {margin-bottom:10px;border-collapse:collapse;empty-cells:show}th,td {border:1px solid #009;padding:.25em .5em}th {vertical-align:bottom}td {vertical-align:top}table a {font-weight:bold}.stripe td {background-color: #E6EBF9}.num {text-align:right}.passedodd td {background-color: #3F3}.passedeven td {background-color: #0A0}.skippedodd td {background-color: #DDD}.skippedeven td {background-color: #CCC}.failedodd td,.attn {background-color: #F33}.failedeven td,.stripe .attn {background-color: #D00}.stacktrace {white-space:pre;font-family:monospace}.totop {font-size:85%;text-align:center;border-bottom:2px solid #000}.invisible {display:none}</style>
</head>
<body>
<table>
<tr><th>Test</th><th># Passed</th><th># Skipped</th><th># Retried</th><th># Failed</th><th>Time (ms)</th><th>Included Groups</th><th>Excluded Groups</th></tr>
<tr><th colspan="8">Suite8</th></tr>
<tr><td><a href="#t0">AdminUsers</a></td><td class="num">3</td><td class="num">0</td><td class="num">0</td><td class="num attn">2</td><td class="num">39,776</td><td></td><td></td></tr>
<tr><th colspan="8">Suite4</th></tr>
<tr class="stripe"><td><a href="#t1">Dashboard</a></td><td class="num">2</td><td class="num">0</td><td class="num">0</td><td class="num">0</td><td class="num">23,755</td><td></td><td></td></tr>
<tr><th colspan="8">Suite5</th></tr>
<tr><td><a href="#t2">AdminCourses</a></td><td class="num">2</td><td class="num">0</td><td class="num">0</td><td class="num attn">1</td><td class="num">35,248</td><td></td><td></td></tr>
<tr><th colspan="8">AutomationSuite</th></tr>
<tr><th colspan="8">Suite6</th></tr>
<tr class="stripe"><td><a href="#t3">Testimony</a></td><td class="num">4</td><td class="num">0</td><td class="num">0</td><td class="num">0</td><td class="num">40,156</td><td></td><td></td></tr>
<tr><th colspan="8">Suite7</th></tr>
<tr><td><a href="#t4">NewStaff</a></td><td class="num">3</td><td class="num">0</td><td class="num">0</td><td class="num">0</td><td class="num">28,903</td><td></td><td></td></tr>
<tr><th colspan="8">Suite0</th></tr>
<tr class="stripe"><td><a href="#t5">Courses</a></td><td class="num">2</td><td class="num">0</td><td class="num">0</td><td class="num attn">1</td><td class="num">26,921</td><td></td><td></td></tr>
<tr><th colspan="8">Suite1</th></tr>
<tr><td><a href="#t6">Events</a></td><td class="num">1</td><td class="num">0</td><td class="num">0</td><td class="num attn">1</td><td class="num">36,586</td><td></td><td></td></tr>
<tr><th colspan="8">Suite2</th></tr>
<tr class="stripe"><td><a href="#t7">ContactUs</a></td><td class="num">3</td><td class="num">0</td><td class="num">0</td><td class="num attn">1</td><td class="num">15,370</td><td></td><td></td></tr>
<tr><th colspan="8">Suite3</th></tr>
<tr><td><a href="#t8">Login</a></td><td class="num">1</td><td class="num">0</td><td class="num">0</td><td class="num attn">1</td><td class="num">21,560</td><td></td><td></td></tr>
<tr><th>Total</th><th class="num">21</th><th class="num">0</th><th class="num">0</th><th class="num attn">7</th><th class="num">268,275</th><th colspan="2"></th></tr>
</table>
<table id='summary'><thead><tr><th>Class</th><th>Method</th><th>Start</th><th>Time (ms)</th></tr></thead><tbody><tr><th colspan="4">Suite8</th></tr></tbody><tbody id="t0"><tr><th colspan="4">AdminUsers &#8212; failed</th></tr><tr class="failedeven"><td rowspan="2">org.ictak.testcases.AdminTC</td><td><a href="#m0">AddInValidUser</a></td><td rowspan="1">1691584218581</td><td rowspan="1">2753</td></tr><tr class="failedeven"><td><a href="#m1">EditUser</a></td><td rowspan="1">1691584221334</td><td rowspan="1">15666</td></tr><tr><th colspan="4">AdminUsers &#8212; passed</th></tr><tr class="passedeven"><td rowspan="3">org.ictak.testcases.AdminTC</td><td><a href="#m2">AddValidUser</a></td><td rowspan="1">1691584212428</td><td rowspan="1">6153</td></tr><tr class="passedeven"><td><a href="#m3">DeleteUser</a></td><td rowspan="1">1691584237000</td><td rowspan="1">6402</td></tr><tr class="passedeven"><td><a href="#m4">ViewNLogout</a></td><td rowspan="1">1691584243402</td><td rowspan="1">2981</td></tr></tbody>
<tbody><tr><th colspan="4">Suite4</th></tr></tbody><tbody id="t1"><tr><th colspan="4">Dashboard &#8212; passed</th></tr><tr class="passedeven"><td rowspan="2">org.ictak.testcases.DashboardTC</td><td><a href="#m5">addItem</a></td><td rowspan="1">1691584021274</td><td rowspan="1">12438</td></tr><tr class="passedeven"><td><a href="#m6">deleteItem</a></td><td rowspan="1">1691584033712</td><td rowspan="1">5386</td></tr></tbody>
<tbody><tr><th colspan="4">Suite5</th></tr></tbody><tbody id="t2"><tr><th colspan="4">AdminCourses &#8212; failed (configuration methods)</th></tr><tr class="failedeven"><td rowspan="1">org.ictak.testcases.AdminCoursesTC</td><td><a href="#m7">Logout</a></td><td rowspan="1">1691584089674</td><td rowspan="1">11515</td></tr><tr><th colspan="4">AdminCourses &#8212; failed</th></tr><tr class="failedeven"><td rowspan="1">org.ictak.testcases.AdminCoursesTC</td><td><a href="#m8">VerifyInvalidCourseSubmission</a></td><td rowspan="1">1691584081211</td><td rowspan="1">7218</td></tr><tr><th colspan="4">AdminCourses &#8212; passed</th></tr><tr class="passedeven"><td rowspan="2">org.ictak.testcases.AdminCoursesTC</td><td><a href="#m9">VerifySerchfield</a></td><td rowspan="1">1691584088431</td><td rowspan="1">1243</td></tr><tr class="passedeven"><td><a href="#m10">VerifyvalidCoursesubmission</a></td><td rowspan="1">1691584070387</td><td rowspan="1">10824</td></tr></tbody>
<tbody><tr><th colspan="4">AutomationSuite</th></tr></tbody><tbody><tr><th colspan="4">Suite6</th></tr></tbody><tbody id="t3"><tr><th colspan="4">Testimony &#8212; passed</th></tr><tr class="passedeven"><td rowspan="4">org.ictak.testcases.TestimonyTC</td><td><a href="#m11">AddTestimony</a></td><td rowspan="1">1691584146919</td><td rowspan="1">7199</td></tr><tr class="passedeven"><td><a href="#m12">DeleteUser</a></td><td rowspan="1">1691584141730</td><td rowspan="1">5188</td></tr><tr class="passedeven"><td><a href="#m13">EditUser</a></td><td rowspan="1">1691584131948</td><td rowspan="1">9782</td></tr><tr class="passedeven"><td><a href="#m14">TestimonialSearch</a></td><td rowspan="1">1691584126237</td><td rowspan="1">5711</td></tr></tbody>
<tbody><tr><th colspan="4">Suite7</th></tr></tbody><tbody id="t4"><tr><th colspan="4">NewStaff &#8212; passed</th></tr><tr class="passedeven"><td rowspan="3">org.ictak.testcases.NewstaffTC</td><td><a href="#m15">Search</a></td><td rowspan="1">1691584193430</td><td rowspan="1">1246</td></tr><tr class="passedeven"><td><a href="#m16">emptyimagefield</a></td><td rowspan="1">1691584176740</td><td rowspan="1">16688</td></tr><tr class="passedeven"><td><a href="#m17">validstaffform</a></td><td rowspan="1">1691584171333</td><td rowspan="1">5407</td></tr></tbody>
<tbody><tr><th colspan="4">Suite0</th></tr></tbody><tbody id="t5"><tr><th colspan="4">Courses &#8212; failed</th></tr><tr class="failedeven"><td rowspan="1">org.ictak.testcases.CoursesTC</td><td><a href="#m18">CourseRegister</a></td><td rowspan="1">1691583874694</td><td rowspan="1">23925</td></tr><tr><th colspan="4">Courses &#8212; passed</th></tr><tr class="passedeven"><td rowspan="2">org.ictak.testcases.CoursesTC</td><td><a href="#m19">CourseSearch</a></td><td rowspan="1">1691583872432</td><td rowspan="1">2254</td></tr><tr class="passedeven"><td><a href="#m20">Courseclick</a></td><td rowspan="1">1691583871950</td><td rowspan="1">474</td></tr></tbody>
<tbody><tr><th colspan="4">Suite1</th></tr></tbody><tbody id="t6"><tr><th colspan="4">Events &#8212; failed</th></tr><tr class="failedeven"><td rowspan="1">org.ictak.testcases.EventsTC</td><td><a href="#m21">EventsRegister</a></td><td rowspan="1">1691583914007</td><td rowspan="1">32607</td></tr><tr><th colspan="4">Events &#8212; passed</th></tr><tr class="passedeven"><td rowspan="1">org.ictak.testcases.EventsTC</td><td><a href="#m22">Eventclick</a></td><td rowspan="1">1691583910202</td><td rowspan="1">3802</td></tr></tbody>
<tbody><tr><th colspan="4">Suite2</th></tr></tbody><tbody id="t7"><tr><th colspan="4">ContactUs &#8212; failed</th></tr><tr class="failedeven"><td rowspan="1">org.ictak.testcases.ContactUsTC</td><td><a href="#m23">invalidcontactusform</a></td><td rowspan="1">1691583962620</td><td rowspan="1">5320</td></tr><tr><th colspan="4">ContactUs &#8212; passed</th></tr><tr class="passedeven"><td rowspan="3">org.ictak.testcases.ContactUsTC</td><td><a href="#m24">iconclick</a></td><td rowspan="1">1691583958712</td><td rowspan="1">526</td></tr><tr class="passedeven"><td><a href="#m25">socialmediaclick</a></td><td rowspan="1">1691583967944</td><td rowspan="1">5928</td></tr><tr class="passedeven"><td><a href="#m26">validcontactusform</a></td><td rowspan="1">1691583959238</td><td rowspan="1">3371</td></tr></tbody>
<tbody><tr><th colspan="4">Suite3</th></tr></tbody><tbody id="t8"><tr><th colspan="4">Login &#8212; failed</th></tr><tr class="failedeven"><td rowspan="1">org.ictak.testcases.LoginPageTC</td><td><a href="#m27">verifyInvalidLogin</a></td><td rowspan="1">1691583984789</td><td rowspan="1">17530</td></tr><tr><th colspan="4">Login &#8212; passed</th></tr><tr class="passedeven"><td rowspan="1">org.ictak.testcases.LoginPageTC</td><td><a href="#m28">verifyValidLogin</a></td><td rowspan="1">1691584002322</td><td rowspan="1">3818</td></tr></tbody>
</table>
<h2>AdminUsers</h2><h3 id="m0">org.ictak.testcases.AdminTC#AddInValidUser</h3><table class="result"><tr><th>Exception</th></tr><tr><td><div class="stacktrace">org.openqa.selenium.ElementClickInterceptedException: element click intercepted: Element is not clickable at point (1231, 728)
  (Session info: chrome=115.0.5790.171)
Build info: version: &apos;4.8.3&apos;, revision: &apos;e5e76298c3&apos;
System info: os.name: &apos;Windows 11&apos;, os.arch: &apos;amd64&apos;, os.version: &apos;10.0&apos;, java.version: &apos;17.0.6&apos;
Driver info: org.openqa.selenium.chrome.ChromeDriver
Command: [37ecde7c792489ccda1dff577a82bb42, clickElement {id=215ACF1C12E4026120F9977D96638C0A_element_157}]
Capabilities {acceptInsecureCerts: false, browserName: chrome, browserVersion: 115.0.5790.171, chrome: {chromedriverVersion: 114.0.5735.90 (386bc09e8f4f..., userDataDir: C:\Users\91994\AppData\Loca...}, goog:chromeOptions: {debuggerAddress: localhost:60570}, networkConnectionEnabled: false, pageLoadStrategy: normal, platformName: WINDOWS, proxy: Proxy(), se:cdp: ws://localhost:60570/devtoo..., se:cdpVersion: 115.0.5790.171, setWindowRect: true, strictFileInteractability: false, timeouts: {implicit: 0, pageLoad: 300000, script: 30000}, unhandledPromptBehavior: dismiss and notify, webauthn:extension:credBlob: true, webauthn:extension:largeBlob: true, webauthn:extension:minPinLength: true, webauthn:extension:prf: true, webauthn:virtualAuthenticators: true}
Element: [[ChromeDriver: chrome on WINDOWS (37ecde7c792489ccda1dff577a82bb42)] -&gt; xpath: //button[@title=&apos;Next&apos;]]
Session ID: 37ecde7c792489ccda1dff577a82bb42
	at org.openqa.selenium.remote.codec.w3c.W3CHttpResponseCodec.createException(W3CHttpResponseCodec.java:200)
	at org.openqa.selenium.remote.codec.w3c.W3CHttpResponseCodec.decode(W3CHttpResponseCodec.java:133)
	at org.openqa.selenium.remote.codec.w3c.W3CHttpResponseCodec.decode(W3CHttpResponseCodec.java:53)
	at org.openqa.selenium.remote.HttpCommandExecutor.execute(HttpCommandExecutor.java:193)
	at org.openqa.selenium.remote.service.DriverCommandExecutor.invokeExecute(DriverCommandExecutor.java:183)
	at org.openqa.selenium.remote.service.DriverCommandExecutor.execute(DriverCommandExecutor.java:158)
	at org.openqa.selenium.remote.RemoteWebDriver.execute(RemoteWebDriver.java:543)
	at org.openqa.selenium.remote.RemoteWebElement.execute(RemoteWebElement.java:257)
	at org.openqa.selenium.remote.RemoteWebElement.click(RemoteWebElement.java:78)
	at org.openqa.selenium.support.pagefactory.internal.LocatingElementHandler.invoke(LocatingElementHandler.java:52)
	at jdk.proxy2/jdk.proxy2.$Proxy17.click(Unknown Source)
	at org.ictak.pages.AdminUsers.AddInvalidUser(AdminUsers.java:226)
	at org.ictak.testcases.AdminTC.AddInValidUser(AdminTC.java:59)
	at java.base/java.util.ArrayList.forEach(ArrayList.java:1511)
... Removed 36 stack frames</div></td></tr></table><p class="totop"><a href="#summary">back to summary</a></p>
<h3 id="m1">org.ictak.testcases.AdminTC#EditUser</h3><table class="result"><tr><th>Exception</th></tr><tr><td><div class="stacktrace">org.openqa.selenium.TimeoutException: Expected condition failed: waiting for visibility of Proxy element for: DefaultElementLocator &apos;By.xpath: //input[@id=&apos;listSearch&apos;]&apos; (tried for 10 second(s) with 500 milliseconds interval)
	at org.openqa.selenium.support.ui.WebDriverWait.timeoutException(WebDriverWait.java:87)
	at org.openqa.selenium.support.ui.FluentWait.until(FluentWait.java:231)
	at org.ictak.pages.AdminUsers.Search(AdminUsers.java:244)
	at org.ictak.testcases.AdminTC.EditUser(AdminTC.java:70)
	at java.base/java.util.ArrayList.forEach(ArrayList.java:1511)
Caused by: org.openqa.selenium.NoSuchElementException: no such element: Unable to locate element: {&quot;method&quot;:&quot;xpath&quot;,&quot;selector&quot;:&quot;//input[@id=&apos;listSearch&apos;]&quot;}
  (Session info: chrome=115.0.5790.171)
For documentation on this error, please visit: https://selenium.dev/exceptions/#no_such_element
Build info: version: &apos;4.8.3&apos;, revision: &apos;e5e76298c3&apos;
System info: os.name: &apos;Windows 11&apos;, os.arch: &apos;amd64&apos;, os.version: &apos;10.0&apos;, java.version: &apos;17.0.6&apos;
Driver info: org.openqa.selenium.chrome.ChromeDriver
Command: [37ecde7c792489ccda1dff577a82bb42, findElement {using=xpath, value=//input[@id=&apos;listSearch&apos;]}]
Capabilities {acceptInsecureCerts: false, browserName: chrome, browserVersion: 115.0.5790.171, chrome: {chromedriverVersion: 114.0.5735.90 (386bc09e8f4f..., userDataDir: C:\Users\91994\AppData\Loca...}, goog:chromeOptions: {debuggerAddress: localhost:60570}, networkConnectionEnabled: false, pageLoadStrategy: normal, platformName: WINDOWS, proxy: Proxy(), se:cdp: ws://localhost:60570/devtoo..., se:cdpVersion: 115.0.5790.171, setWindowRect: true, strictFileInteractability: false, timeouts: {implicit: 0, pageLoad: 300000, script: 30000}, unhandledPromptBehavior: dismiss and notify, webauthn:extension:credBlob: true, webauthn:extension:largeBlob: true, webauthn:extension:minPinLength: true, webauthn:extension:prf: true, webauthn:virtualAuthenticators: true}
Session ID: 37ecde7c792489ccda1dff577a82bb42
	at org.openqa.selenium.remote.codec.w3c.W3CHttpResponseCodec.createException(W3CHttpResponseCodec.java:200)
	at org.openqa.selenium.remote.codec.w3c.W3CHttpResponseCodec.decode(W3CHttpResponseCodec.java:133)
	at org.openqa.selenium.remote.codec.w3c.W3CHttpResponseCodec.decode(W3CHttpResponseCodec.java:53)
	at org.openqa.selenium.remote.HttpCommandExecutor.execute(HttpCommandExecutor.java:193)
	at org.openqa.selenium.remote.service.DriverCommandExecutor.invokeExecute(DriverCommandExecutor.java:183)
	at org.openqa.selenium.remote.service.DriverCommandExecutor.execute(DriverCommandExecutor.java:158)
	at org.openqa.selenium.remote.RemoteWebDriver.execute(RemoteWebDriver.java:543)
	at org.openqa.selenium.remote.ElementLocation$ElementFinder$2.findElement(ElementLocation.java:162)
	at org.openqa.selenium.remote.ElementLocation.findElement(ElementLocation.java:60)
	at org.openqa.selenium.remote.RemoteWebDriver.findElement(RemoteWebDriver.java:352)
	at org.openqa.selenium.remote.RemoteWebDriver.findElement(RemoteWebDriver.java:344)
	at org.openqa.selenium.support.pagefactory.DefaultElementLocator.findElement(DefaultElementLocator.java:70)
	at org.openqa.selenium.support.pagefactory.internal.LocatingElementHandler.invoke(LocatingElementHandler.java:39)
	at jdk.proxy2/jdk.proxy2.$Proxy17.isDisplayed(Unknown Source)
	at org.openqa.selenium.support.ui.ExpectedConditions.elementIfVisible(ExpectedConditions.java:307)
	at org.openqa.selenium.support.ui.ExpectedConditions.access$000(ExpectedConditions.java:40)
	at org.openqa.selenium.support.ui.ExpectedConditions$10.apply(ExpectedConditions.java:293)
	at org.openqa.selenium.support.ui.ExpectedConditions$10.apply(ExpectedConditions.java:290)
	at org.openqa.selenium.support.ui.FluentWait.until(FluentWait.java:208)
	... 31 more
... Removed 33 stack frames</div></td></tr></table><p class="totop"><a href="#summary">back to summary</a></p>
<h3 id="m2">org.ictak.testcases.AdminTC#AddValidUser</h3><table class="result"><tr><th class="invisible"/></tr></table><p class="totop"><a href="#summary">back to summary</a></p>
<h3 id="m3">org.ictak.testcases.AdminTC#DeleteUser</h3><table class="result"><tr><th class="invisible"/></tr></table><p class="totop"><a href="#summary">back to summary</a></p>
<h3 id="m4">org.ictak.testcases.AdminTC#ViewNLogout</h3><table class="result"><tr><th class="invisible"/></tr></table><p class="totop"><a href="#summary">back to summary</a></p>
<h2>Dashboard</h2><h3 id="m5">org.ictak.testcases.DashboardTC#addItem</h3><table class="result"><tr><th class="invisible"/></tr></table><p class="totop"><a href="#summary">back to summary</a></p>
<h3 id="m6">org.ictak.testcases.DashboardTC#deleteItem</h3><table class="result"><tr><th class="invisible"/></tr></table><p class="totop"><a href="#summary">back to summary</a></p>
<h2>AdminCourses</h2><h3 id="m7">org.ictak.testcases.AdminCoursesTC#Logout</h3><table class="result"><tr><th>Exception</th></tr><tr><td><div class="stacktrace">org.openqa.selenium.TimeoutException: Expected condition failed: waiting for visibility of [[ChromeDriver: chrome on WINDOWS (86e3bb74ed62493dc734469440fe5e7a)] -&gt; xpath: //*[@id=&quot;ProfileNav&quot;]/ul/li/a] (tried for 10 second(s) with 500 milliseconds interval)
Build info: version: &apos;4.8.3&apos;, revision: &apos;e5e76298c3&apos;
System info: os.name: &apos;Windows 11&apos;, os.arch: &apos;amd64&apos;, os.version: &apos;10.0&apos;, java.version: &apos;17.0.6&apos;
Driver info: org.openqa.selenium.chrome.ChromeDriver
Capabilities {acceptInsecureCerts: false, browserName: chrome, browserVersion: 115.0.5790.171, chrome: {chromedriverVersion: 114.0.5735.90 (386bc09e8f4f..., userDataDir: C:\Users\91994\AppData\Loca...}, goog:chromeOptions: {debuggerAddress: localhost:60291}, networkConnectionEnabled: false, pageLoadStrategy: normal, platformName: WINDOWS, proxy: Proxy(), se:cdp: ws://localhost:60291/devtoo..., se:cdpVersion: 115.0.5790.171, setWindowRect: true, strictFileInteractability: false, timeouts: {implicit: 0, pageLoad: 300000, script: 30000}, unhandledPromptBehavior: dismiss and notify, webauthn:extension:credBlob: true, webauthn:extension:largeBlob: true, webauthn:extension:minPinLength: true, webauthn:extension:prf: true, webauthn:virtualAuthenticators: true}
Session ID: 86e3bb74ed62493dc734469440fe5e7a
	at org.openqa.selenium.support.ui.WebDriverWait.timeoutException(WebDriverWait.java:87)
	at org.openqa.selenium.support.ui.FluentWait.until(FluentWait.java:231)
	at org.ictak.pages.AdmincoursesPage.Logout(AdmincoursesPage.java:310)
	at org.ictak.testcases.AdminCoursesTC.Logout(AdminCoursesTC.java:94)
	at java.base/java.util.ArrayList.forEach(ArrayList.java:1511)
... Removed 27 stack frames</div></td></tr></table><p class="totop"><a href="#summary">back to summary</a></p>
<h3 id="m8">org.ictak.testcases.AdminCoursesTC#VerifyInvalidCourseSubmission</h3><table class="result"><tr><th>Exception</th></tr><tr><td><div class="stacktrace">java.lang.AssertionError: expected [true] but found [false]
	at org.ictak.testcases.AdminCoursesTC.VerifyInvalidCourseSubmission(AdminCoursesTC.java:70)
	at java.base/java.util.ArrayList.forEach(ArrayList.java:1511)
... Removed 35 stack frames</div></td></tr></table><p class="totop"><a href="#summary">back to summary</a></p>
<h3 id="m9">org.ictak.testcases.AdminCoursesTC#VerifySerchfield</h3><table class="result"><tr><th class="invisible"/></tr></table><p class="totop"><a href="#summary">back to summary</a></p>
<h3 id="m10">org.ictak.testcases.AdminCoursesTC#VerifyvalidCoursesubmission</h3><table class="result"><tr><th class="invisible"/></tr></table><p class="totop"><a href="#summary">back to summary</a></p>
<h2>Testimony</h2><h3 id="m11">org.ictak.testcases.TestimonyTC#AddTestimony</h3><table class="result"><tr><th class="invisible"/></tr></table><p class="totop"><a href="#summary">back to summary</a></p>
<h3 id="m12">org.ictak.testcases.TestimonyTC#DeleteUser</h3><table class="result"><tr><th class="invisible"/></tr></table><p class="totop"><a href="#summary">back to summary</a></p>
<h3 id="m13">org.ictak.testcases.TestimonyTC#EditUser</h3><table class="result"><tr><th class="invisible"/></tr></table><p class="totop"><a href="#summary">back to summary</a></p>
<h3 id="m14">org.ictak.testcases.TestimonyTC#TestimonialSearch</h3><table class="result"><tr><th class="invisible"/></tr></table><p class="totop"><a href="#summary">back to summary</a></p>
<h2>NewStaff</h2><h3 id="m15">org.ictak.testcases.NewstaffTC#Search</h3><table class="result"><tr><th class="invisible"/></tr></table><p class="totop"><a href="#summary">back to summary</a></p>
<h3 id="m16">org.ictak.testcases.NewstaffTC#emptyimagefield</h3><table class="result"><tr><th class="invisible"/></tr></table><p class="totop"><a href="#summary">back to summary</a></p>
<h3 id="m17">org.ictak.testcases.NewstaffTC#validstaffform</h3><table class="result"><tr><th class="invisible"/></tr></table><p class="totop"><a href="#summary">back to summary</a></p>
<h2>Courses</h2><h3 id="m18">org.ictak.testcases.CoursesTC#CourseRegister</h3><table class="result"><tr><th>Exception</th></tr><tr><td><div class="stacktrace">java.lang.AssertionError: expected [true] but found [false]
	at org.ictak.testcases.CoursesTC.CourseRegister(CoursesTC.java:89)
	at java.base/java.util.ArrayList.forEach(ArrayList.java:1511)
... Removed 35 stack frames</div></td></tr></table><p class="totop"><a href="#summary">back to summary</a></p>
<h3 id="m19">org.ictak.testcases.CoursesTC#CourseSearch</h3><table class="result"><tr><th class="invisible"/></tr></table><p class="totop"><a href="#summary">back to summary</a></p>
<h3 id="m20">org.ictak.testcases.CoursesTC#Courseclick</h3><table class="result"><tr><th class="invisible"/></tr></table><p class="totop"><a href="#summary">back to summary</a></p>
<h2>Events</h2><h3 id="m21">org.ictak.testcases.EventsTC#EventsRegister</h3><table class="result"><tr><th>Exception</th></tr><tr><td><div class="stacktrace">java.lang.AssertionError: expected [true] but found [false]
	at org.ictak.testcases.EventsTC.EventsRegister(EventsTC.java:74)
	at java.base/java.util.ArrayList.forEach(ArrayList.java:1511)
... Removed 35 stack frames</div></td></tr></table><p class="totop"><a href="#summary">back to summary</a></p>
<h3 id="m22">org.ictak.testcases.EventsTC#Eventclick</h3><table class="result"><tr><th class="invisible"/></tr></table><p class="totop"><a href="#summary">back to summary</a></p>
<h2>ContactUs</h2><h3 id="m23">org.ictak.testcases.ContactUsTC#invalidcontactusform</h3><table class="result"><tr><th>Exception</th></tr><tr><td><div class="stacktrace">java.lang.AssertionError: expected [true] but found [false]
	at org.ictak.testcases.ContactUsTC.invalidcontactusform(ContactUsTC.java:56)
	at java.base/java.util.ArrayList.forEach(ArrayList.java:1511)
... Removed 35 stack frames</div></td></tr></table><p class="totop"><a href="#summary">back to summary</a></p>
<h3 id="m24">org.ictak.testcases.ContactUsTC#iconclick</h3><table class="result"><tr><th class="invisible"/></tr></table><p class="totop"><a href="#summary">back to summary</a></p>
<h3 id="m25">org.ictak.testcases.ContactUsTC#socialmediaclick</h3><table class="result"><tr><th class="invisible"/></tr></table><p class="totop"><a href="#summary">back to summary</a></p>
<h3 id="m26">org.ictak.testcases.ContactUsTC#validcontactusform</h3><table class="result"><tr><th class="invisible"/></tr></table><p class="totop"><a href="#summary">back to summary</a></p>
<h2>Login</h2><h3 id="m27">org.ictak.testcases.LoginPageTC#verifyInvalidLogin</h3><table class="result"><tr><th>Exception</th></tr><tr><td><div class="stacktrace">org.openqa.selenium.TimeoutException: Expected condition failed: waiting for visibility of Proxy element for: DefaultElementLocator &apos;By.xpath: //h2[contains( text(),&apos;Warning&apos;)]&apos; (tried for 10 second(s) with 500 milliseconds interval)
	at org.openqa.selenium.support.ui.WebDriverWait.timeoutException(WebDriverWait.java:87)
	at org.openqa.selenium.support.ui.FluentWait.until(FluentWait.java:231)
	at org.ictak.pages.LoginPage.signin(LoginPage.java:74)
	at org.ictak.testcases.LoginPageTC.verifyInvalidLogin(LoginPageTC.java:22)
	at java.base/java.util.ArrayList.forEach(ArrayList.java:1511)
Caused by: org.openqa.selenium.NoSuchElementException: no such element: Unable to locate element: {&quot;method&quot;:&quot;xpath&quot;,&quot;selector&quot;:&quot;//h2[contains( text(),&apos;Warning&apos;)]&quot;}
  (Session info: chrome=115.0.5790.171)
For documentation on this error, please visit: https://selenium.dev/exceptions/#no_such_element
Build info: version: &apos;4.8.3&apos;, revision: &apos;e5e76298c3&apos;
System info: os.name: &apos;Windows 11&apos;, os.arch: &apos;amd64&apos;, os.version: &apos;10.0&apos;, java.version: &apos;17.0.6&apos;
Driver info: org.openqa.selenium.chrome.ChromeDriver
Command: [dcdc0d9db49908cdacbb696fd8eb99c9, findElement {using=xpath, value=//h2[contains( text(),&apos;Warning&apos;)]}]
Capabilities {acceptInsecureCerts: false, browserName: chrome, browserVersion: 115.0.5790.171, chrome: {chromedriverVersion: 114.0.5735.90 (386bc09e8f4f..., userDataDir: C:\Users\91994\AppData\Loca...}, goog:chromeOptions: {debuggerAddress: localhost:60164}, networkConnectionEnabled: false, pageLoadStrategy: normal, platformName: WINDOWS, proxy: Proxy(), se:cdp: ws://localhost:60164/devtoo..., se:cdpVersion: 115.0.5790.171, setWindowRect: true, strictFileInteractability: false, timeouts: {implicit: 0, pageLoad: 300000, script: 30000}, unhandledPromptBehavior: dismiss and notify, webauthn:extension:credBlob: true, webauthn:extension:largeBlob: true, webauthn:extension:minPinLength: true, webauthn:extension:prf: true, webauthn:virtualAuthenticators: true}
Session ID: dcdc0d9db49908cdacbb696fd8eb99c9
	at org.openqa.selenium.remote.codec.w3c.W3CHttpResponseCodec.createException(W3CHttpResponseCodec.java:200)
	at org.openqa.selenium.remote.codec.w3c.W3CHttpResponseCodec.decode(W3CHttpResponseCodec.java:133)
	at org.openqa.selenium.remote.codec.w3c.W3CHttpResponseCodec.decode(W3CHttpResponseCodec.java:53)
	at org.openqa.selenium.remote.HttpCommandExecutor.execute(HttpCommandExecutor.java:193)
	at org.openqa.selenium.remote.service.DriverCommandExecutor.invokeExecute(DriverCommandExecutor.java:183)
	at org.openqa.selenium.remote.service.DriverCommandExecutor.execute(DriverCommandExecutor.java:158)
	at org.openqa.selenium.remote.RemoteWebDriver.execute(RemoteWebDriver.java:543)
	at org.openqa.selenium.remote.ElementLocation$ElementFinder$2.findElement(ElementLocation.java:162)
	at org.openqa.selenium.remote.ElementLocation.findElement(ElementLocation.java:60)
	at org.openqa.selenium.remote.RemoteWebDriver.findElement(RemoteWebDriver.java:352)
	at org.openqa.selenium.remote.RemoteWebDriver.findElement(RemoteWebDriver.java:344)
	at org.openqa.selenium.support.pagefactory.DefaultElementLocator.findElement(DefaultElementLocator.java:70)
	at org.openqa.selenium.support.pagefactory.internal.LocatingElementHandler.invoke(LocatingElementHandler.java:39)
	at jdk.proxy2/jdk.proxy2.$Proxy17.isDisplayed(Unknown Source)
	at org.openqa.selenium.support.ui.ExpectedConditions.elementIfVisible(ExpectedConditions.java:307)
	at org.openqa.selenium.support.ui.ExpectedConditions.access$000(ExpectedConditions.java:40)
	at org.openqa.selenium.support.ui.ExpectedConditions$10.apply(ExpectedConditions.java:293)
	at org.openqa.selenium.support.ui.ExpectedConditions$10.apply(ExpectedConditions.java:290)
	at org.openqa.selenium.support.ui.FluentWait.until(FluentWait.java:208)
	... 31 more
... Removed 33 stack frames</div></td></tr></table><p class="totop"><a href="#summary">back to summary</a></p>
<h3 id="m28">org.ictak.testcases.LoginPageTC#verifyValidLogin</h3><table class="result"><tr><th class="invisible"/></tr></table><p class="totop"><a href="#summary">back to summary</a></p>
</body>
</html>
